vincent/build/app/intermediates/manifest_merge_blame_file/debug/processDebugMainManifest/manifest-merger-blame-debug-report.txt
1<?xml version="1.0" encoding="utf-8"?>
2<manifest xmlns:android="http://schemas.android.com/apk/res/android"
3    package="com.example.vincent"
4    android:versionCode="1"
5    android:versionName="1.0.0" >
6
7    <uses-sdk
8        android:minSdkVersion="23"
9        android:targetSdkVersion="35" />
10    <!--
11         The INTERNET permission is required for development. Specifically,
12         the Flutter tool needs it to communicate with the running application
13         to allow setting breakpoints, to provide hot reload, etc.
14    -->
15    <uses-permission android:name="android.permission.INTERNET" />
15-->src\main\AndroidManifest.xml:3:5-66
15-->src\main\AndroidManifest.xml:3:22-64
16    <uses-permission android:name="android.permission.CAMERA" />
16-->src\main\AndroidManifest.xml:4:5-64
16-->src\main\AndroidManifest.xml:4:22-62
17    <uses-permission android:name="android.permission.READ_EXTERNAL_STORAGE" />
17-->src\main\AndroidManifest.xml:5:5-79
17-->src\main\AndroidManifest.xml:5:22-77
18    <!--
19 Required to query activities that can process text, see:
20         https://developer.android.com/training/package-visibility and
21         https://developer.android.com/reference/android/content/Intent#ACTION_PROCESS_TEXT.
22
23         In particular, this is used by the Flutter engine in io.flutter.plugin.text.ProcessTextPlugin.
24    -->
25    <queries>
25-->src\main\AndroidManifest.xml:50:5-55:15
26        <intent>
26-->src\main\AndroidManifest.xml:51:9-54:18
27            <action android:name="android.intent.action.PROCESS_TEXT" />
27-->src\main\AndroidManifest.xml:52:13-72
27-->src\main\AndroidManifest.xml:52:21-70
28
29            <data android:mimeType="text/plain" />
29-->src\main\AndroidManifest.xml:53:13-50
29-->src\main\AndroidManifest.xml:53:19-48
30        </intent>
31        <!-- Added to check the default browser that will host the AuthFlow. -->
32        <intent>
32-->[com.stripe:financial-connections:20.52.2] AndroidManifest.xml:13:9-17:18
33            <action android:name="android.intent.action.VIEW" />
33-->[com.stripe:financial-connections:20.52.2] AndroidManifest.xml:14:13-65
33-->[com.stripe:financial-connections:20.52.2] AndroidManifest.xml:14:21-62
34
35            <data android:scheme="http" />
35-->src\main\AndroidManifest.xml:53:13-50
36        </intent> <!-- Added to check if Chrome is installed for browser-based payment authentication (e.g. 3DS1). -->
37        <package android:name="com.android.chrome" /> <!-- Needs to be explicitly declared on Android R+ -->
37-->[com.stripe:payments-core:20.52.2] AndroidManifest.xml:11:9-54
37-->[com.stripe:payments-core:20.52.2] AndroidManifest.xml:11:18-51
38        <package android:name="com.google.android.apps.maps" />
38-->[com.google.android.gms:play-services-maps:18.0.2] AndroidManifest.xml:33:9-64
38-->[com.google.android.gms:play-services-maps:18.0.2] AndroidManifest.xml:33:18-61
39    </queries>
40
41    <uses-permission android:name="android.permission.ACCESS_NETWORK_STATE" />
41-->[:connectivity_plus] AndroidManifest.xml:7:5-79
41-->[:connectivity_plus] AndroidManifest.xml:7:22-76
42    <uses-permission android:name="android.permission.WAKE_LOCK" />
42-->[com.google.android.gms:play-services-measurement:22.1.2] AndroidManifest.xml:25:5-68
42-->[com.google.android.gms:play-services-measurement:22.1.2] AndroidManifest.xml:25:22-65
43    <uses-permission android:name="com.google.android.finsky.permission.BIND_GET_INSTALL_REFERRER_SERVICE" />
43-->[com.google.android.gms:play-services-measurement:22.1.2] AndroidManifest.xml:26:5-110
43-->[com.google.android.gms:play-services-measurement:22.1.2] AndroidManifest.xml:26:22-107
44    <uses-permission android:name="com.google.android.gms.permission.AD_ID" />
44-->[com.google.android.gms:play-services-measurement-impl:22.1.2] AndroidManifest.xml:27:5-79
44-->[com.google.android.gms:play-services-measurement-impl:22.1.2] AndroidManifest.xml:27:22-76
45
46    <uses-feature
46-->[com.google.android.gms:play-services-maps:18.0.2] AndroidManifest.xml:26:5-28:35
47        android:glEsVersion="0x00020000"
47-->[com.google.android.gms:play-services-maps:18.0.2] AndroidManifest.xml:27:9-41
48        android:required="true" />
48-->[com.google.android.gms:play-services-maps:18.0.2] AndroidManifest.xml:28:9-32
49
50    <uses-permission android:name="android.permission.ACCESS_ADSERVICES_ATTRIBUTION" />
50-->[com.google.android.gms:play-services-measurement-api:22.1.2] AndroidManifest.xml:26:5-88
50-->[com.google.android.gms:play-services-measurement-api:22.1.2] AndroidManifest.xml:26:22-85
51    <uses-permission android:name="android.permission.ACCESS_ADSERVICES_AD_ID" />
51-->[com.google.android.gms:play-services-measurement-api:22.1.2] AndroidManifest.xml:27:5-82
51-->[com.google.android.gms:play-services-measurement-api:22.1.2] AndroidManifest.xml:27:22-79
52    <uses-permission android:name="com.google.android.providers.gsf.permission.READ_GSERVICES" />
52-->[com.google.android.recaptcha:recaptcha:18.5.1] AndroidManifest.xml:9:5-98
52-->[com.google.android.recaptcha:recaptcha:18.5.1] AndroidManifest.xml:9:22-95
53
54    <permission
54-->[androidx.core:core:1.13.1] AndroidManifest.xml:22:5-24:47
55        android:name="com.example.vincent.DYNAMIC_RECEIVER_NOT_EXPORTED_PERMISSION"
55-->[androidx.core:core:1.13.1] AndroidManifest.xml:23:9-81
56        android:protectionLevel="signature" />
56-->[androidx.core:core:1.13.1] AndroidManifest.xml:24:9-44
57
58    <uses-permission android:name="com.example.vincent.DYNAMIC_RECEIVER_NOT_EXPORTED_PERMISSION" />
58-->[androidx.core:core:1.13.1] AndroidManifest.xml:26:5-97
58-->[androidx.core:core:1.13.1] AndroidManifest.xml:26:22-94
59
60    <application
61        android:name="android.app.Application"
62        android:appComponentFactory="androidx.core.app.CoreComponentFactory"
62-->[androidx.core:core:1.13.1] AndroidManifest.xml:28:18-86
63        android:debuggable="true"
64        android:extractNativeLibs="false"
65        android:icon="@mipmap/ic_launcher"
66        android:label="vincent" >
67        <activity
68            android:name="com.example.vincent.MainActivity"
69            android:configChanges="orientation|keyboardHidden|keyboard|screenSize|smallestScreenSize|locale|layoutDirection|fontScale|screenLayout|density|uiMode"
70            android:exported="true"
71            android:hardwareAccelerated="true"
72            android:launchMode="singleTop"
73            android:taskAffinity=""
74            android:theme="@style/LaunchTheme"
75            android:windowSoftInputMode="adjustResize" >
76            <meta-data
77                android:name="io.flutter.embedding.android.NormalTheme"
78                android:resource="@style/NormalTheme" />
79            <meta-data
80                android:name="com.google.android.gms.auth.api.signin.GoogleSignInOptions"
81                android:value="@string/default_web_client_id" />
82
83            <intent-filter>
84                <action android:name="android.intent.action.MAIN" />
85
86                <category android:name="android.intent.category.LAUNCHER" />
87            </intent-filter>
88        </activity>
89
90        <!--
91             Don't delete the meta-data below.
92             This is used by the Flutter tool to generate GeneratedPluginRegistrant.java
93        -->
94        <meta-data
95            android:name="flutterEmbedding"
96            android:value="2" />
97
98        <service
98-->[:cloud_firestore] AndroidManifest.xml:8:9-12:19
99            android:name="com.google.firebase.components.ComponentDiscoveryService"
99-->[:cloud_firestore] AndroidManifest.xml:8:18-89
100            android:directBootAware="true"
100-->[com.google.firebase:firebase-common:21.0.0] AndroidManifest.xml:32:13-43
101            android:exported="false" >
101-->[com.google.firebase:firebase-auth:23.1.0] AndroidManifest.xml:68:13-37
102            <meta-data
102-->[:cloud_firestore] AndroidManifest.xml:9:13-11:85
103                android:name="com.google.firebase.components:io.flutter.plugins.firebase.firestore.FlutterFirebaseFirestoreRegistrar"
103-->[:cloud_firestore] AndroidManifest.xml:10:17-134
104                android:value="com.google.firebase.components.ComponentRegistrar" />
104-->[:cloud_firestore] AndroidManifest.xml:11:17-82
105            <meta-data
105-->[:firebase_auth] AndroidManifest.xml:9:13-11:85
106                android:name="com.google.firebase.components:io.flutter.plugins.firebase.auth.FlutterFirebaseAuthRegistrar"
106-->[:firebase_auth] AndroidManifest.xml:10:17-124
107                android:value="com.google.firebase.components.ComponentRegistrar" />
107-->[:firebase_auth] AndroidManifest.xml:11:17-82
108            <meta-data
108-->[:firebase_database] AndroidManifest.xml:9:13-11:85
109                android:name="com.google.firebase.components:io.flutter.plugins.firebase.database.FlutterFirebaseAppRegistrar"
109-->[:firebase_database] AndroidManifest.xml:10:17-127
110                android:value="com.google.firebase.components.ComponentRegistrar" />
110-->[:firebase_database] AndroidManifest.xml:11:17-82
111            <meta-data
111-->[:firebase_core] AndroidManifest.xml:9:13-11:85
112                android:name="com.google.firebase.components:io.flutter.plugins.firebase.core.FlutterFirebaseCoreRegistrar"
112-->[:firebase_core] AndroidManifest.xml:10:17-124
113                android:value="com.google.firebase.components.ComponentRegistrar" />
113-->[:firebase_core] AndroidManifest.xml:11:17-82
114            <meta-data
114-->[com.google.firebase:firebase-auth:23.1.0] AndroidManifest.xml:69:13-71:85
115                android:name="com.google.firebase.components:com.google.firebase.auth.FirebaseAuthRegistrar"
115-->[com.google.firebase:firebase-auth:23.1.0] AndroidManifest.xml:70:17-109
116                android:value="com.google.firebase.components.ComponentRegistrar" />
116-->[com.google.firebase:firebase-auth:23.1.0] AndroidManifest.xml:71:17-82
117            <meta-data
117-->[com.google.firebase:firebase-firestore:25.1.1] AndroidManifest.xml:17:13-19:85
118                android:name="com.google.firebase.components:com.google.firebase.firestore.FirebaseFirestoreKtxRegistrar"
118-->[com.google.firebase:firebase-firestore:25.1.1] AndroidManifest.xml:18:17-122
119                android:value="com.google.firebase.components.ComponentRegistrar" />
119-->[com.google.firebase:firebase-firestore:25.1.1] AndroidManifest.xml:19:17-82
120            <meta-data
120-->[com.google.firebase:firebase-firestore:25.1.1] AndroidManifest.xml:20:13-22:85
121                android:name="com.google.firebase.components:com.google.firebase.firestore.FirestoreRegistrar"
121-->[com.google.firebase:firebase-firestore:25.1.1] AndroidManifest.xml:21:17-111
122                android:value="com.google.firebase.components.ComponentRegistrar" />
122-->[com.google.firebase:firebase-firestore:25.1.1] AndroidManifest.xml:22:17-82
123            <meta-data
123-->[com.google.firebase:firebase-database:21.0.0] AndroidManifest.xml:29:13-31:85
124                android:name="com.google.firebase.components:com.google.firebase.database.FirebaseDatabaseKtxRegistrar"
124-->[com.google.firebase:firebase-database:21.0.0] AndroidManifest.xml:30:17-120
125                android:value="com.google.firebase.components.ComponentRegistrar" />
125-->[com.google.firebase:firebase-database:21.0.0] AndroidManifest.xml:31:17-82
126            <meta-data
126-->[com.google.firebase:firebase-database:21.0.0] AndroidManifest.xml:32:13-34:85
127                android:name="com.google.firebase.components:com.google.firebase.database.DatabaseRegistrar"
127-->[com.google.firebase:firebase-database:21.0.0] AndroidManifest.xml:33:17-109
128                android:value="com.google.firebase.components.ComponentRegistrar" />
128-->[com.google.firebase:firebase-database:21.0.0] AndroidManifest.xml:34:17-82
129            <meta-data
129-->[com.google.firebase:firebase-analytics-ktx:22.1.2] AndroidManifest.xml:11:13-13:85
130                android:name="com.google.firebase.components:com.google.firebase.analytics.ktx.FirebaseAnalyticsLegacyRegistrar"
130-->[com.google.firebase:firebase-analytics-ktx:22.1.2] AndroidManifest.xml:12:17-129
131                android:value="com.google.firebase.components.ComponentRegistrar" />
131-->[com.google.firebase:firebase-analytics-ktx:22.1.2] AndroidManifest.xml:13:17-82
132            <meta-data
132-->[com.google.android.gms:play-services-measurement-api:22.1.2] AndroidManifest.xml:37:13-39:85
133                android:name="com.google.firebase.components:com.google.firebase.analytics.connector.internal.AnalyticsConnectorRegistrar"
133-->[com.google.android.gms:play-services-measurement-api:22.1.2] AndroidManifest.xml:38:17-139
134                android:value="com.google.firebase.components.ComponentRegistrar" />
134-->[com.google.android.gms:play-services-measurement-api:22.1.2] AndroidManifest.xml:39:17-82
135            <meta-data
135-->[com.google.firebase:firebase-installations:18.0.0] AndroidManifest.xml:15:13-17:85
136                android:name="com.google.firebase.components:com.google.firebase.installations.FirebaseInstallationsKtxRegistrar"
136-->[com.google.firebase:firebase-installations:18.0.0] AndroidManifest.xml:16:17-130
137                android:value="com.google.firebase.components.ComponentRegistrar" />
137-->[com.google.firebase:firebase-installations:18.0.0] AndroidManifest.xml:17:17-82
138            <meta-data
138-->[com.google.firebase:firebase-installations:18.0.0] AndroidManifest.xml:18:13-20:85
139                android:name="com.google.firebase.components:com.google.firebase.installations.FirebaseInstallationsRegistrar"
139-->[com.google.firebase:firebase-installations:18.0.0] AndroidManifest.xml:19:17-127
140                android:value="com.google.firebase.components.ComponentRegistrar" />
140-->[com.google.firebase:firebase-installations:18.0.0] AndroidManifest.xml:20:17-82
141            <meta-data
141-->[com.google.firebase:firebase-common-ktx:21.0.0] AndroidManifest.xml:12:13-14:85
142                android:name="com.google.firebase.components:com.google.firebase.ktx.FirebaseCommonLegacyRegistrar"
142-->[com.google.firebase:firebase-common-ktx:21.0.0] AndroidManifest.xml:13:17-116
143                android:value="com.google.firebase.components.ComponentRegistrar" />
143-->[com.google.firebase:firebase-common-ktx:21.0.0] AndroidManifest.xml:14:17-82
144            <meta-data
144-->[com.google.firebase:firebase-common:21.0.0] AndroidManifest.xml:35:13-37:85
145                android:name="com.google.firebase.components:com.google.firebase.FirebaseCommonKtxRegistrar"
145-->[com.google.firebase:firebase-common:21.0.0] AndroidManifest.xml:36:17-109
146                android:value="com.google.firebase.components.ComponentRegistrar" />
146-->[com.google.firebase:firebase-common:21.0.0] AndroidManifest.xml:37:17-82
147        </service>
148
149        <provider
149-->[:image_picker_android] AndroidManifest.xml:9:9-17:20
150            android:name="io.flutter.plugins.imagepicker.ImagePickerFileProvider"
150-->[:image_picker_android] AndroidManifest.xml:10:13-82
151            android:authorities="com.example.vincent.flutter.image_provider"
151-->[:image_picker_android] AndroidManifest.xml:11:13-74
152            android:exported="false"
152-->[:image_picker_android] AndroidManifest.xml:12:13-37
153            android:grantUriPermissions="true" >
153-->[:image_picker_android] AndroidManifest.xml:13:13-47
154            <meta-data
154-->[:image_picker_android] AndroidManifest.xml:14:13-16:75
155                android:name="android.support.FILE_PROVIDER_PATHS"
155-->[:image_picker_android] AndroidManifest.xml:15:17-67
156                android:resource="@xml/flutter_image_picker_file_paths" />
156-->[:image_picker_android] AndroidManifest.xml:16:17-72
157        </provider> <!-- Trigger Google Play services to install the backported photo picker module. -->
158        <service
158-->[:image_picker_android] AndroidManifest.xml:19:9-31:19
159            android:name="com.google.android.gms.metadata.ModuleDependencies"
159-->[:image_picker_android] AndroidManifest.xml:20:13-78
160            android:enabled="false"
160-->[:image_picker_android] AndroidManifest.xml:21:13-36
161            android:exported="false" >
161-->[:image_picker_android] AndroidManifest.xml:22:13-37
162            <intent-filter>
162-->[:image_picker_android] AndroidManifest.xml:24:13-26:29
163                <action android:name="com.google.android.gms.metadata.MODULE_DEPENDENCIES" />
163-->[:image_picker_android] AndroidManifest.xml:25:17-94
163-->[:image_picker_android] AndroidManifest.xml:25:25-91
164            </intent-filter>
165
166            <meta-data
166-->[:image_picker_android] AndroidManifest.xml:28:13-30:36
167                android:name="photopicker_activity:0:required"
167-->[:image_picker_android] AndroidManifest.xml:29:17-63
168                android:value="" />
168-->[:image_picker_android] AndroidManifest.xml:30:17-33
169        </service>
170
171        <provider
171-->[:printing] AndroidManifest.xml:8:9-16:20
172            android:name="net.nfet.flutter.printing.PrintFileProvider"
172-->[:printing] AndroidManifest.xml:9:13-71
173            android:authorities="com.example.vincent.flutter.printing"
173-->[:printing] AndroidManifest.xml:10:13-68
174            android:exported="false"
174-->[:printing] AndroidManifest.xml:11:13-37
175            android:grantUriPermissions="true" >
175-->[:printing] AndroidManifest.xml:12:13-47
176            <meta-data
176-->[:image_picker_android] AndroidManifest.xml:14:13-16:75
177                android:name="android.support.FILE_PROVIDER_PATHS"
177-->[:image_picker_android] AndroidManifest.xml:15:17-67
178                android:resource="@xml/flutter_printing_file_paths" />
178-->[:image_picker_android] AndroidManifest.xml:16:17-72
179        </provider>
180
181        <activity
181-->[com.stripe:financial-connections:20.52.2] AndroidManifest.xml:21:9-65:20
182            android:name="com.stripe.android.financialconnections.FinancialConnectionsSheetRedirectActivity"
182-->[com.stripe:financial-connections:20.52.2] AndroidManifest.xml:22:13-109
183            android:exported="true"
183-->[com.stripe:financial-connections:20.52.2] AndroidManifest.xml:23:13-36
184            android:launchMode="singleTask" >
184-->[com.stripe:financial-connections:20.52.2] AndroidManifest.xml:24:13-44
185            <intent-filter>
185-->[com.stripe:financial-connections:20.52.2] AndroidManifest.xml:25:13-64:29
186                <action android:name="android.intent.action.VIEW" />
186-->[com.stripe:financial-connections:20.52.2] AndroidManifest.xml:14:13-65
186-->[com.stripe:financial-connections:20.52.2] AndroidManifest.xml:14:21-62
187
188                <category android:name="android.intent.category.DEFAULT" />
188-->[com.stripe:financial-connections:20.52.2] AndroidManifest.xml:28:17-76
188-->[com.stripe:financial-connections:20.52.2] AndroidManifest.xml:28:27-73
189                <category android:name="android.intent.category.BROWSABLE" />
189-->[com.stripe:financial-connections:20.52.2] AndroidManifest.xml:29:17-78
189-->[com.stripe:financial-connections:20.52.2] AndroidManifest.xml:29:27-75
190
191                <!-- Returning from app2app: return_url is triggered to reopen web AuthFlow and poll accounts. -->
192                <data
192-->src\main\AndroidManifest.xml:53:13-50
193                    android:host="link-accounts"
194                    android:pathPrefix="/com.example.vincent/authentication_return"
195                    android:scheme="stripe-auth" />
196
197                <!-- Returning from app2app: return_url is triggered to reopen native AuthFlow and poll accounts. -->
198                <data
198-->src\main\AndroidManifest.xml:53:13-50
199                    android:host="link-native-accounts"
200                    android:pathPrefix="/com.example.vincent/authentication_return"
201                    android:scheme="stripe-auth" />
202
203                <!-- End of web AuthFlow success and cancel URIs that begin with "stripe-auth://link-accounts/{app-id}/...” -->
204                <data
204-->src\main\AndroidManifest.xml:53:13-50
205                    android:host="link-accounts"
206                    android:path="/com.example.vincent/success"
207                    android:scheme="stripe-auth" />
208                <data
208-->src\main\AndroidManifest.xml:53:13-50
209                    android:host="link-accounts"
210                    android:path="/com.example.vincent/cancel"
211                    android:scheme="stripe-auth" />
212
213                <!-- Opening app2app: Web flow triggers stripe-auth://native-redirect/{app-id}/http://web-that-redirects-to-native -->
214                <data
214-->src\main\AndroidManifest.xml:53:13-50
215                    android:host="native-redirect"
216                    android:pathPrefix="/com.example.vincent"
217                    android:scheme="stripe-auth" />
218
219                <!-- Accepts success/cancel/fail URIs that begin with "stripe://auth-redirect” -->
220                <data
220-->src\main\AndroidManifest.xml:53:13-50
221                    android:host="auth-redirect"
222                    android:pathPrefix="/com.example.vincent"
223                    android:scheme="stripe" />
224            </intent-filter>
225        </activity>
226        <activity
226-->[com.stripe:financial-connections:20.52.2] AndroidManifest.xml:66:9-69:77
227            android:name="com.stripe.android.financialconnections.FinancialConnectionsSheetActivity"
227-->[com.stripe:financial-connections:20.52.2] AndroidManifest.xml:67:13-101
228            android:exported="false"
228-->[com.stripe:financial-connections:20.52.2] AndroidManifest.xml:68:13-37
229            android:theme="@style/StripeFinancialConnectionsDefaultTheme" />
229-->[com.stripe:financial-connections:20.52.2] AndroidManifest.xml:69:13-74
230        <activity
230-->[com.stripe:financial-connections:20.52.2] AndroidManifest.xml:70:9-74:58
231            android:name="com.stripe.android.financialconnections.ui.FinancialConnectionsSheetNativeActivity"
231-->[com.stripe:financial-connections:20.52.2] AndroidManifest.xml:71:13-110
232            android:exported="false"
232-->[com.stripe:financial-connections:20.52.2] AndroidManifest.xml:72:13-37
233            android:theme="@style/StripeFinancialConnectionsDefaultTheme"
233-->[com.stripe:financial-connections:20.52.2] AndroidManifest.xml:73:13-74
234            android:windowSoftInputMode="adjustResize" />
234-->[com.stripe:financial-connections:20.52.2] AndroidManifest.xml:74:13-55
235        <activity
235-->[com.google.firebase:firebase-auth:23.1.0] AndroidManifest.xml:29:9-46:20
236            android:name="com.google.firebase.auth.internal.GenericIdpActivity"
236-->[com.google.firebase:firebase-auth:23.1.0] AndroidManifest.xml:30:13-80
237            android:excludeFromRecents="true"
237-->[com.google.firebase:firebase-auth:23.1.0] AndroidManifest.xml:31:13-46
238            android:exported="true"
238-->[com.google.firebase:firebase-auth:23.1.0] AndroidManifest.xml:32:13-36
239            android:launchMode="singleTask"
239-->[com.google.firebase:firebase-auth:23.1.0] AndroidManifest.xml:33:13-44
240            android:theme="@android:style/Theme.Translucent.NoTitleBar" >
240-->[com.google.firebase:firebase-auth:23.1.0] AndroidManifest.xml:34:13-72
241            <intent-filter>
241-->[com.google.firebase:firebase-auth:23.1.0] AndroidManifest.xml:35:13-45:29
242                <action android:name="android.intent.action.VIEW" />
242-->[com.stripe:financial-connections:20.52.2] AndroidManifest.xml:14:13-65
242-->[com.stripe:financial-connections:20.52.2] AndroidManifest.xml:14:21-62
243
244                <category android:name="android.intent.category.DEFAULT" />
244-->[com.stripe:financial-connections:20.52.2] AndroidManifest.xml:28:17-76
244-->[com.stripe:financial-connections:20.52.2] AndroidManifest.xml:28:27-73
245                <category android:name="android.intent.category.BROWSABLE" />
245-->[com.stripe:financial-connections:20.52.2] AndroidManifest.xml:29:17-78
245-->[com.stripe:financial-connections:20.52.2] AndroidManifest.xml:29:27-75
246
247                <data
247-->src\main\AndroidManifest.xml:53:13-50
248                    android:host="firebase.auth"
249                    android:path="/"
250                    android:scheme="genericidp" />
251            </intent-filter>
252        </activity>
253        <activity
253-->[com.google.firebase:firebase-auth:23.1.0] AndroidManifest.xml:47:9-64:20
254            android:name="com.google.firebase.auth.internal.RecaptchaActivity"
254-->[com.google.firebase:firebase-auth:23.1.0] AndroidManifest.xml:48:13-79
255            android:excludeFromRecents="true"
255-->[com.google.firebase:firebase-auth:23.1.0] AndroidManifest.xml:49:13-46
256            android:exported="true"
256-->[com.google.firebase:firebase-auth:23.1.0] AndroidManifest.xml:50:13-36
257            android:launchMode="singleTask"
257-->[com.google.firebase:firebase-auth:23.1.0] AndroidManifest.xml:51:13-44
258            android:theme="@android:style/Theme.Translucent.NoTitleBar" >
258-->[com.google.firebase:firebase-auth:23.1.0] AndroidManifest.xml:52:13-72
259            <intent-filter>
259-->[com.google.firebase:firebase-auth:23.1.0] AndroidManifest.xml:53:13-63:29
260                <action android:name="android.intent.action.VIEW" />
260-->[com.stripe:financial-connections:20.52.2] AndroidManifest.xml:14:13-65
260-->[com.stripe:financial-connections:20.52.2] AndroidManifest.xml:14:21-62
261
262                <category android:name="android.intent.category.DEFAULT" />
262-->[com.stripe:financial-connections:20.52.2] AndroidManifest.xml:28:17-76
262-->[com.stripe:financial-connections:20.52.2] AndroidManifest.xml:28:27-73
263                <category android:name="android.intent.category.BROWSABLE" />
263-->[com.stripe:financial-connections:20.52.2] AndroidManifest.xml:29:17-78
263-->[com.stripe:financial-connections:20.52.2] AndroidManifest.xml:29:27-75
264
265                <data
265-->src\main\AndroidManifest.xml:53:13-50
266                    android:host="firebase.auth"
267                    android:path="/"
268                    android:scheme="recaptcha" />
269            </intent-filter>
270        </activity>
271
272        <service
272-->[androidx.credentials:credentials-play-services-auth:1.2.0-rc01] AndroidManifest.xml:24:9-32:19
273            android:name="androidx.credentials.playservices.CredentialProviderMetadataHolder"
273-->[androidx.credentials:credentials-play-services-auth:1.2.0-rc01] AndroidManifest.xml:25:13-94
274            android:enabled="true"
274-->[androidx.credentials:credentials-play-services-auth:1.2.0-rc01] AndroidManifest.xml:26:13-35
275            android:exported="false" >
275-->[androidx.credentials:credentials-play-services-auth:1.2.0-rc01] AndroidManifest.xml:27:13-37
276            <meta-data
276-->[androidx.credentials:credentials-play-services-auth:1.2.0-rc01] AndroidManifest.xml:29:13-31:104
277                android:name="androidx.credentials.CREDENTIAL_PROVIDER_KEY"
277-->[androidx.credentials:credentials-play-services-auth:1.2.0-rc01] AndroidManifest.xml:30:17-76
278                android:value="androidx.credentials.playservices.CredentialProviderPlayServicesImpl" />
278-->[androidx.credentials:credentials-play-services-auth:1.2.0-rc01] AndroidManifest.xml:31:17-101
279        </service>
280
281        <activity
281-->[androidx.credentials:credentials-play-services-auth:1.2.0-rc01] AndroidManifest.xml:34:9-41:20
282            android:name="androidx.credentials.playservices.HiddenActivity"
282-->[androidx.credentials:credentials-play-services-auth:1.2.0-rc01] AndroidManifest.xml:35:13-76
283            android:configChanges="orientation|screenSize|screenLayout|keyboardHidden"
283-->[androidx.credentials:credentials-play-services-auth:1.2.0-rc01] AndroidManifest.xml:36:13-87
284            android:enabled="true"
284-->[androidx.credentials:credentials-play-services-auth:1.2.0-rc01] AndroidManifest.xml:37:13-35
285            android:exported="false"
285-->[androidx.credentials:credentials-play-services-auth:1.2.0-rc01] AndroidManifest.xml:38:13-37
286            android:fitsSystemWindows="true"
286-->[androidx.credentials:credentials-play-services-auth:1.2.0-rc01] AndroidManifest.xml:39:13-45
287            android:theme="@style/Theme.Hidden" >
287-->[androidx.credentials:credentials-play-services-auth:1.2.0-rc01] AndroidManifest.xml:40:13-48
288        </activity>
289        <activity
289-->[com.google.android.gms:play-services-auth:21.3.0] AndroidManifest.xml:23:9-27:75
290            android:name="com.google.android.gms.auth.api.signin.internal.SignInHubActivity"
290-->[com.google.android.gms:play-services-auth:21.3.0] AndroidManifest.xml:24:13-93
291            android:excludeFromRecents="true"
291-->[com.google.android.gms:play-services-auth:21.3.0] AndroidManifest.xml:25:13-46
292            android:exported="false"
292-->[com.google.android.gms:play-services-auth:21.3.0] AndroidManifest.xml:26:13-37
293            android:theme="@android:style/Theme.Translucent.NoTitleBar" />
293-->[com.google.android.gms:play-services-auth:21.3.0] AndroidManifest.xml:27:13-72
294        <!--
295            Service handling Google Sign-In user revocation. For apps that do not integrate with
296            Google Sign-In, this service will never be started.
297        -->
298        <service
298-->[com.google.android.gms:play-services-auth:21.3.0] AndroidManifest.xml:33:9-37:51
299            android:name="com.google.android.gms.auth.api.signin.RevocationBoundService"